[时间:2019-07-25 18:30:11,387] - [等级:INFO] - [文件名:runtest.py] - [函数:init] - [行号:166] - [信息:执行前初始化执行开始]
[时间:2019-07-25 18:30:11,402] - [等级:INFO] - [文件名:runtest.py] - [函数:init] - [行号:185] - [信息:执行前初始化执行完毕]
[时间:2019-07-25 18:30:11,402] - [等级:INFO] - [文件名:runtest.py] - [函数:make_test_case] - [行号:131] - [信息:构建测试用例开始]
[时间:2019-07-25 18:30:11,899] - [等级:INFO] - [文件名:runtest.py] - [函数:make_test_case] - [行号:134] - [信息:构建测试用例完毕]
[时间:2019-07-25 18:30:11,899] - [等级:INFO] - [文件名:runtest.py] - [函数:main] - [行号:213] - [信息:测试执行开始]
[时间:2019-07-25 18:30:11,929] - [等级:INFO] - [文件名:runtest.py] - [函数:main] - [行号:219] - [信息:执行测试套件：<unittest.suite.TestSuite tests=[<TestCases.test_案例_1.案例1_搜索测试 testMethod=test_1_百度搜索测试>, <TestCases.test_案例_1.案例1_搜索测试 testMethod=test_2_百度搜索测试>]>]
[时间:2019-07-25 18:30:21,230] - [等级:INFO] - [文件名:driver.py] - [函数:__initOpenBrowser] - [行号:97] - [信息:当前谷歌浏览器版本为44.0.2403.157]
[时间:2019-07-25 18:30:25,282] - [等级:INFO] - [文件名:test_案例_1.py] - [函数:test_1_百度搜索测试] - [行号:30] - [信息:正在执行 案例1_搜索测试.test_1_百度搜索测试]
[时间:2019-07-25 18:30:29,735] - [等级:INFO] - [文件名:runtest.py] - [函数:main] - [行号:219] - [信息:执行测试套件：<unittest.suite.TestSuite tests=[<TestCases.test_案例_2.案例2_搜索测试 testMethod=test_2_百度搜索测试>, <TestCases.test_案例_2.案例2_搜索测试 testMethod=test_2_百度搜索测试>]><unittest.suite.TestSuite tests=[<TestCases.test_案例_2.案例2_搜索测试 testMethod=test_2_百度搜索测试>]><unittest.suite.TestSuite tests=[<TestCases.test_案例_2.案例2_搜索测试 testMethod=test_2_百度搜索测试>]>]
[时间:2019-07-25 18:30:41,656] - [等级:INFO] - [文件名:driver.py] - [函数:__initOpenBrowser] - [行号:97] - [信息:当前谷歌浏览器版本为44.0.2403.157]
[时间:2019-07-25 18:30:42,478] - [等级:INFO] - [文件名:driver.py] - [函数:__initOpenBrowser] - [行号:97] - [信息:当前谷歌浏览器版本为44.0.2403.157]
[时间:2019-07-25 18:30:43,747] - [等级:INFO] - [文件名:driver.py] - [函数:__initOpenBrowser] - [行号:97] - [信息:当前谷歌浏览器版本为44.0.2403.157]
[时间:2019-07-25 18:30:47,849] - [等级:INFO] - [文件名:test_案例_2.py] - [函数:test_2_百度搜索测试] - [行号:26] - [信息:正在执行 Test_2.test_baidu_2_search]
[时间:2019-07-25 18:30:48,165] - [等级:INFO] - [文件名:test_案例_2.py] - [函数:test_2_百度搜索测试] - [行号:26] - [信息:正在执行 Test_2.test_baidu_2_search]
[时间:2019-07-25 18:30:48,411] - [等级:INFO] - [文件名:test_案例_2.py] - [函数:test_2_百度搜索测试] - [行号:26] - [信息:正在执行 Test_2.test_baidu_2_search]
[时间:2019-07-25 18:30:51,445] - [等级:INFO] - [文件名:test_案例_2.py] - [函数:test_2_百度搜索测试] - [行号:26] - [信息:正在执行 Test_2.test_baidu_2_search]
[时间:2019-07-25 18:30:57,797] - [等级:INFO] - [文件名:runtest.py] - [函数:main] - [行号:219] - [信息:执行测试套件：<unittest.suite.TestSuite tests=[<TestCases.test_案例_2.案例2_搜索测试 testMethod=test_3_百度搜索测试>]><unittest.suite.TestSuite tests=[<TestCases.test_案例_2.案例2_搜索测试 testMethod=test_3_百度搜索测试>]><unittest.suite.TestSuite tests=[<TestCases.test_案例_2.案例2_搜索测试 testMethod=test_3_百度搜索测试>]>]
[时间:2019-07-25 18:31:09,190] - [等级:INFO] - [文件名:driver.py] - [函数:__initOpenBrowser] - [行号:97] - [信息:当前谷歌浏览器版本为44.0.2403.157]
[时间:2019-07-25 18:31:10,527] - [等级:INFO] - [文件名:driver.py] - [函数:__initOpenBrowser] - [行号:97] - [信息:当前谷歌浏览器版本为44.0.2403.157]
[时间:2019-07-25 18:31:11,168] - [等级:INFO] - [文件名:driver.py] - [函数:__initOpenBrowser] - [行号:97] - [信息:当前谷歌浏览器版本为44.0.2403.157]
[时间:2019-07-25 18:31:15,269] - [等级:INFO] - [文件名:test_案例_2.py] - [函数:test_3_百度搜索测试] - [行号:36] - [信息:正在执行 Test_2.test_baidu_3_search]
[时间:2019-07-25 18:31:15,384] - [等级:INFO] - [文件名:test_案例_2.py] - [函数:test_3_百度搜索测试] - [行号:36] - [信息:正在执行 Test_2.test_baidu_3_search]
[时间:2019-07-25 18:31:15,623] - [等级:INFO] - [文件名:test_案例_2.py] - [函数:test_3_百度搜索测试] - [行号:36] - [信息:正在执行 Test_2.test_baidu_3_search]
[时间:2019-07-25 18:31:24,805] - [等级:INFO] - [文件名:runtest.py] - [函数:main] - [行号:219] - [信息:执行测试套件：<unittest.suite.TestSuite tests=[<unittest.suite.TestSuite tests=[<TestCases.test_案例_3.案例3_JIRA testMethod=test_1_JIRA_登录测试>, <TestCases.test_案例_3.案例3_JIRA testMethod=test_2_JIRA_新增缺陷>]>]>]
[时间:2019-07-25 18:31:33,310] - [等级:INFO] - [文件名:driver.py] - [函数:__initOpenBrowser] - [行号:97] - [信息:当前谷歌浏览器版本为44.0.2403.157]
[时间:2019-07-25 18:31:52,646] - [等级:INFO] - [文件名:test_案例_3.py] - [函数:test_1_JIRA_登录测试] - [行号:31] - [信息:正在执行 案例3_JIRA.test_1_JIRA_登录测试]
[时间:2019-07-25 18:32:22,920] - [等级:INFO] - [文件名:test_案例_3.py] - [函数:test_2_JIRA_新增缺陷] - [行号:42] - [信息:正在执行 案例3_JIRA.test_2_JIRA_新增缺陷]
[时间:2019-07-25 18:32:34,670] - [等级:INFO] - [文件名:runtest.py] - [函数:main] - [行号:228] - [信息:测试执行结束]
